<?xml version="1.0" encoding="UTF-8"?>
<testsuite xmlns:xsi="http://www.w3.org/2001/XMLSchema-instance" xsi:noNamespaceSchemaLocation="https://maven.apache.org/surefire/maven-surefire-plugin/xsd/surefire-test-report-3.0.xsd" version="3.0" name="TestSuite" time="324.502" tests="2" errors="0" skipped="0" failures="1">
  <properties>
[...]
</properties>
  <testcase name="personalLoanEarlySalary1ToastMessage" classname="com.demo.tests.PersonalLoanFlow" time="85.833">
    <failure message="expected [Please enter valid number] but found [Please enter valid pincode]" type="java.lang.AssertionError">java.lang.AssertionError: expected [Please enter valid number] but found [Please enter valid pincode]
	at com.demo.tests.PersonalLoanFlow.personalLoanEarlySalary1ToastMessage(PersonalLoanFlow.java:47)
</failure>
    <system-out><![CDATA[11:48:02.767 [ForkJoinPool.commonPool-worker-1] DEBUG org.apache.commons.beanutils.converters.BooleanConverter - Setting default value: false
11:48:02.777 [ForkJoinPool.commonPool-worker-1] DEBUG org.apache.commons.beanutils.converters.BooleanConverter - Converting 'Boolean' value 'false' to type 'Boolean'
11:48:02.778 [ForkJoinPool.commonPool-worker-1] DEBUG org.apache.commons.beanutils.converters.BooleanConverter -     No conversion required, value is already a Boolean
11:48:02.790 [ForkJoinPool.commonPool-worker-1] DEBUG org.apache.commons.beanutils.converters.ByteConverter - Setting default value: 0
11:48:02.790 [ForkJoinPool.commonPool-worker-1] DEBUG org.apache.commons.beanutils.converters.ByteConverter - Converting 'Integer' value '0' to type 'Byte'
11:48:02.790 [ForkJoinPool.commonPool-worker-1] DEBUG org.apache.commons.beanutils.converters.ByteConverter -     Converted to Byte value '0'
11:48:02.792 [ForkJoinPool.commonPool-worker-1] DEBUG org.apache.commons.beanutils.converters.CharacterConverter - Setting default value:  
11:48:02.793 [ForkJoinPool.commonPool-worker-1] DEBUG org.apache.commons.beanutils.converters.CharacterConverter - Converting 'Character' value ' ' to type 'Character'
11:48:02.794 [ForkJoinPool.commonPool-worker-1] DEBUG org.apache.commons.beanutils.converters.CharacterConverter -     No conversion required, value is already a Character
11:48:02.796 [ForkJoinPool.commonPool-worker-1] DEBUG org.apache.commons.beanutils.converters.DoubleConverter - Setting default value: 0
11:48:02.797 [ForkJoinPool.commonPool-worker-1] DEBUG org.apache.commons.beanutils.converters.DoubleConverter - Converting 'Integer' value '0' to type 'Double'
11:48:02.797 [ForkJoinPool.commonPool-worker-1] DEBUG org.apache.commons.beanutils.converters.DoubleConverter -     Converted to Double value '0.0'
11:48:02.800 [ForkJoinPool.commonPool-worker-1] DEBUG org.apache.commons.beanutils.converters.FloatConverter - Setting default value: 0
11:48:02.800 [ForkJoinPool.commonPool-worker-1] DEBUG org.apache.commons.beanutils.converters.FloatConverter - Converting 'Integer' value '0' to type 'Float'
11:48:02.800 [ForkJoinPool.commonPool-worker-1] DEBUG org.apache.commons.beanutils.converters.FloatConverter -     Converted to Float value '0.0'
11:48:02.802 [ForkJoinPool.commonPool-worker-1] DEBUG org.apache.commons.beanutils.converters.IntegerConverter - Setting default value: 0
11:48:02.802 [ForkJoinPool.commonPool-worker-1] DEBUG org.apache.commons.beanutils.converters.IntegerConverter - Converting 'Integer' value '0' to type 'Integer'
11:48:02.803 [ForkJoinPool.commonPool-worker-1] DEBUG org.apache.commons.beanutils.converters.IntegerConverter -     No conversion required, value is already a Integer
11:48:02.805 [ForkJoinPool.commonPool-worker-1] DEBUG org.apache.commons.beanutils.converters.LongConverter - Setting default value: 0
11:48:02.806 [ForkJoinPool.commonPool-worker-1] DEBUG org.apache.commons.beanutils.converters.LongConverter - Converting 'Integer' value '0' to type 'Long'
11:48:02.806 [ForkJoinPool.commonPool-worker-1] DEBUG org.apache.commons.beanutils.converters.LongConverter -     Converted to Long value '0'
11:48:02.808 [ForkJoinPool.commonPool-worker-1] DEBUG org.apache.commons.beanutils.converters.ShortConverter - Setting default value: 0
11:48:02.808 [ForkJoinPool.commonPool-worker-1] DEBUG org.apache.commons.beanutils.converters.ShortConverter - Converting 'Integer' value '0' to type 'Short'
11:48:02.809 [ForkJoinPool.commonPool-worker-1] DEBUG org.apache.commons.beanutils.converters.ShortConverter -     Converted to Short value '0'
11:48:02.817 [ForkJoinPool.commonPool-worker-1] DEBUG org.apache.commons.beanutils.converters.BigDecimalConverter - Setting default value: 0.0
11:48:02.818 [ForkJoinPool.commonPool-worker-1] DEBUG org.apache.commons.beanutils.converters.BigDecimalConverter - Converting 'BigDecimal' value '0.0' to type 'BigDecimal'
11:48:02.818 [ForkJoinPool.commonPool-worker-1] DEBUG org.apache.commons.beanutils.converters.BigDecimalConverter -     No conversion required, value is already a BigDecimal
11:48:02.820 [ForkJoinPool.commonPool-worker-1] DEBUG org.apache.commons.beanutils.converters.BigIntegerConverter - Setting default value: 0
11:48:02.821 [ForkJoinPool.commonPool-worker-1] DEBUG org.apache.commons.beanutils.converters.BigIntegerConverter - Converting 'BigInteger' value '0' to type 'BigInteger'
11:48:02.821 [ForkJoinPool.commonPool-worker-1] DEBUG org.apache.commons.beanutils.converters.BigIntegerConverter -     No conversion required, value is already a BigInteger
11:48:02.822 [ForkJoinPool.commonPool-worker-1] DEBUG org.apache.commons.beanutils.converters.BooleanConverter - Setting default value: false
11:48:02.822 [ForkJoinPool.commonPool-worker-1] DEBUG org.apache.commons.beanutils.converters.BooleanConverter - Converting 'Boolean' value 'false' to type 'Boolean'
11:48:02.822 [ForkJoinPool.commonPool-worker-1] DEBUG org.apache.commons.beanutils.converters.BooleanConverter -     No conversion required, value is already a Boolean
11:48:02.823 [ForkJoinPool.commonPool-worker-1] DEBUG org.apache.commons.beanutils.converters.ByteConverter - Setting default value: 0
11:48:02.823 [ForkJoinPool.commonPool-worker-1] DEBUG org.apache.commons.beanutils.converters.ByteConverter - Converting 'Integer' value '0' to type 'Byte'
11:48:02.823 [ForkJoinPool.commonPool-worker-1] DEBUG org.apache.commons.beanutils.converters.ByteConverter -     Converted to Byte value '0'
11:48:02.823 [ForkJoinPool.commonPool-worker-1] DEBUG org.apache.commons.beanutils.converters.CharacterConverter - Setting default value:  
11:48:02.823 [ForkJoinPool.commonPool-worker-1] DEBUG org.apache.commons.beanutils.converters.CharacterConverter - Converting 'Character' value ' ' to type 'Character'
11:48:02.824 [ForkJoinPool.commonPool-worker-1] DEBUG org.apache.commons.beanutils.converters.CharacterConverter -     No conversion required, value is already a Character
11:48:02.824 [ForkJoinPool.commonPool-worker-1] DEBUG org.apache.commons.beanutils.converters.DoubleConverter - Setting default value: 0
11:48:02.824 [ForkJoinPool.commonPool-worker-1] DEBUG org.apache.commons.beanutils.converters.DoubleConverter - Converting 'Integer' value '0' to type 'Double'
11:48:02.824 [ForkJoinPool.commonPool-worker-1] DEBUG org.apache.commons.beanutils.converters.DoubleConverter -     Converted to Double value '0.0'
11:48:02.825 [ForkJoinPool.commonPool-worker-1] DEBUG org.apache.commons.beanutils.converters.FloatConverter - Setting default value: 0
11:48:02.825 [ForkJoinPool.commonPool-worker-1] DEBUG org.apache.commons.beanutils.converters.FloatConverter - Converting 'Integer' value '0' to type 'Float'
11:48:02.825 [ForkJoinPool.commonPool-worker-1] DEBUG org.apache.commons.beanutils.converters.FloatConverter -     Converted to Float value '0.0'
11:48:02.825 [ForkJoinPool.commonPool-worker-1] DEBUG org.apache.commons.beanutils.converters.IntegerConverter - Setting default value: 0
11:48:02.826 [ForkJoinPool.commonPool-worker-1] DEBUG org.apache.commons.beanutils.converters.IntegerConverter - Converting 'Integer' value '0' to type 'Integer'
11:48:02.826 [ForkJoinPool.commonPool-worker-1] DEBUG org.apache.commons.beanutils.converters.IntegerConverter -     No conversion required, value is already a Integer
11:48:02.826 [ForkJoinPool.commonPool-worker-1] DEBUG org.apache.commons.beanutils.converters.LongConverter - Setting default value: 0
11:48:02.826 [ForkJoinPool.commonPool-worker-1] DEBUG org.apache.commons.beanutils.converters.LongConverter - Converting 'Integer' value '0' to type 'Long'
11:48:02.826 [ForkJoinPool.commonPool-worker-1] DEBUG org.apache.commons.beanutils.converters.LongConverter -     Converted to Long value '0'
11:48:02.827 [ForkJoinPool.commonPool-worker-1] DEBUG org.apache.commons.beanutils.converters.ShortConverter - Setting default value: 0
11:48:02.827 [ForkJoinPool.commonPool-worker-1] DEBUG org.apache.commons.beanutils.converters.ShortConverter - Converting 'Integer' value '0' to type 'Short'
11:48:02.827 [ForkJoinPool.commonPool-worker-1] DEBUG org.apache.commons.beanutils.converters.ShortConverter -     Converted to Short value '0'
11:48:02.830 [ForkJoinPool.commonPool-worker-1] DEBUG org.apache.commons.beanutils.converters.StringConverter - Setting default value: 
11:48:02.831 [ForkJoinPool.commonPool-worker-1] DEBUG org.apache.commons.beanutils.converters.StringConverter - Converting 'String' value '' to type 'String'
11:48:02.859 [ForkJoinPool.commonPool-worker-1] DEBUG org.apache.commons.beanutils.converters.ArrayConverter - Setting default value: [Z@40bdbe5d
11:48:02.859 [ForkJoinPool.commonPool-worker-1] DEBUG org.apache.commons.beanutils.converters.ArrayConverter - Converting 'boolean[]' value '[Z@40bdbe5d' to type 'boolean[]'
11:48:02.859 [ForkJoinPool.commonPool-worker-1] DEBUG org.apache.commons.beanutils.converters.ArrayConverter -     No conversion required, value is already a boolean[]
11:48:02.860 [ForkJoinPool.commonPool-worker-1] DEBUG org.apache.commons.beanutils.converters.ArrayConverter - Setting default value: [B@138676e3
11:48:02.860 [ForkJoinPool.commonPool-worker-1] DEBUG org.apache.commons.beanutils.converters.ArrayConverter - Converting 'byte[]' value '[B@138676e3' to type 'byte[]'
11:48:02.862 [ForkJoinPool.commonPool-worker-1] DEBUG org.apache.commons.beanutils.converters.ArrayConverter -     No conversion required, value is already a byte[]
11:48:02.863 [ForkJoinPool.commonPool-worker-1] DEBUG org.apache.commons.beanutils.converters.ArrayConverter - Setting default value: [C@3ad849c0
11:48:02.863 [ForkJoinPool.commonPool-worker-1] DEBUG org.apache.commons.beanutils.converters.ArrayConverter - Converting 'char[]' value '[C@3ad849c0' to type 'char[]'
11:48:02.865 [ForkJoinPool.commonPool-worker-1] DEBUG org.apache.commons.beanutils.converters.ArrayConverter -     No conversion required, value is already a char[]
11:48:02.865 [ForkJoinPool.commonPool-worker-1] DEBUG org.apache.commons.beanutils.converters.ArrayConverter - Setting default value: [D@70dcc67d
11:48:02.866 [ForkJoinPool.commonPool-worker-1] DEBUG org.apache.commons.beanutils.converters.ArrayConverter - Converting 'double[]' value '[D@70dcc67d' to type 'double[]'
11:48:02.866 [ForkJoinPool.commonPool-worker-1] DEBUG org.apache.commons.beanutils.converters.ArrayConverter -     No conversion required, value is already a double[]
11:48:02.866 [ForkJoinPool.commonPool-worker-1] DEBUG org.apache.commons.beanutils.converters.ArrayConverter - Setting default value: [F@1523047c
11:48:02.867 [ForkJoinPool.commonPool-worker-1] DEBUG org.apache.commons.beanutils.converters.ArrayConverter - Converting 'float[]' value '[F@1523047c' to type 'float[]'
11:48:02.869 [ForkJoinPool.commonPool-worker-1] DEBUG org.apache.commons.beanutils.converters.ArrayConverter -     No conversion required, value is already a float[]
11:48:02.869 [ForkJoinPool.commonPool-worker-1] DEBUG org.apache.commons.beanutils.converters.ArrayConverter - Setting default value: [I@7bb405ab
11:48:02.870 [ForkJoinPool.commonPool-worker-1] DEBUG org.apache.commons.beanutils.converters.ArrayConverter - Converting 'int[]' value '[I@7bb405ab' to type 'int[]'
11:48:02.870 [ForkJoinPool.commonPool-worker-1] DEBUG org.apache.commons.beanutils.converters.ArrayConverter -     No conversion required, value is already a int[]
11:48:02.873 [ForkJoinPool.commonPool-worker-1] DEBUG org.apache.commons.beanutils.converters.ArrayConverter - Setting default value: [J@47fa37e9
11:48:02.873 [ForkJoinPool.commonPool-worker-1] DEBUG org.apache.commons.beanutils.converters.ArrayConverter - Converting 'long[]' value '[J@47fa37e9' to type 'long[]'
11:48:02.874 [ForkJoinPool.commonPool-worker-1] DEBUG org.apache.commons.beanutils.converters.ArrayConverter -     No conversion required, value is already a long[]
11:48:02.888 [ForkJoinPool.commonPool-worker-1] DEBUG org.apache.commons.beanutils.converters.ArrayConverter - Setting default value: [S@49f304d0
11:48:02.888 [ForkJoinPool.commonPool-worker-1] DEBUG org.apache.commons.beanutils.converters.ArrayConverter - Converting 'short[]' value '[S@49f304d0' to type 'short[]'
11:48:02.889 [ForkJoinPool.commonPool-worker-1] DEBUG org.apache.commons.beanutils.converters.ArrayConverter -     No conversion required, value is already a short[]
11:48:02.889 [ForkJoinPool.commonPool-worker-1] DEBUG org.apache.commons.beanutils.converters.ArrayConverter - Setting default value: [Ljava.math.BigDecimal;@4e2f1c8
11:48:02.890 [ForkJoinPool.commonPool-worker-1] DEBUG org.apache.commons.beanutils.converters.ArrayConverter - Converting 'BigDecimal[]' value '[Ljava.math.BigDecimal;@4e2f1c8' to type 'BigDecimal[]'
11:48:02.891 [ForkJoinPool.commonPool-worker-1] DEBUG org.apache.commons.beanutils.converters.ArrayConverter -     No conversion required, value is already a BigDecimal[]
11:48:02.892 [ForkJoinPool.commonPool-worker-1] DEBUG org.apache.commons.beanutils.converters.ArrayConverter - Setting default value: [Ljava.math.BigInteger;@21b93e22
11:48:02.892 [ForkJoinPool.commonPool-worker-1] DEBUG org.apache.commons.beanutils.converters.ArrayConverter - Converting 'BigInteger[]' value '[Ljava.math.BigInteger;@21b93e22' to type 'BigInteger[]'
11:48:02.892 [ForkJoinPool.commonPool-worker-1] DEBUG org.apache.commons.beanutils.converters.ArrayConverter -     No conversion required, value is already a BigInteger[]
11:48:02.893 [ForkJoinPool.commonPool-worker-1] DEBUG org.apache.commons.beanutils.converters.ArrayConverter - Setting default value: [Ljava.lang.Boolean;@2e2300c6
11:48:02.893 [ForkJoinPool.commonPool-worker-1] DEBUG org.apache.commons.beanutils.converters.ArrayConverter - Converting 'Boolean[]' value '[Ljava.lang.Boolean;@2e2300c6' to type 'Boolean[]'
11:48:02.893 [ForkJoinPool.commonPool-worker-1] DEBUG org.apache.commons.beanutils.converters.ArrayConverter -     No conversion required, value is already a Boolean[]
11:48:02.893 [ForkJoinPool.commonPool-worker-1] DEBUG org.apache.commons.beanutils.converters.ArrayConverter - Setting default value: [Ljava.lang.Byte;@5dae2a37
11:48:02.894 [ForkJoinPool.commonPool-worker-1] DEBUG org.apache.commons.beanutils.converters.ArrayConverter - Converting 'Byte[]' value '[Ljava.lang.Byte;@5dae2a37' to type 'Byte[]'
11:48:02.895 [ForkJoinPool.commonPool-worker-1] DEBUG org.apache.commons.beanutils.converters.ArrayConverter -     No conversion required, value is already a Byte[]
11:48:02.896 [ForkJoinPool.commonPool-worker-1] DEBUG org.apache.commons.beanutils.converters.ArrayConverter - Setting default value: [Ljava.lang.Character;@306a52d5
11:48:02.896 [ForkJoinPool.commonPool-worker-1] DEBUG org.apache.commons.beanutils.converters.ArrayConverter - Converting 'Character[]' value '[Ljava.lang.Character;@306a52d5' to type 'Character[]'
11:48:02.897 [ForkJoinPool.commonPool-worker-1] DEBUG org.apache.commons.beanutils.converters.ArrayConverter -     No conversion required, value is already a Character[]
11:48:02.898 [ForkJoinPool.commonPool-worker-1] DEBUG org.apache.commons.beanutils.converters.ArrayConverter - Setting default value: [Ljava.lang.Double;@5ba47703
11:48:02.898 [ForkJoinPool.commonPool-worker-1] DEBUG org.apache.commons.beanutils.converters.ArrayConverter - Converting 'Double[]' value '[Ljava.lang.Double;@5ba47703' to type 'Double[]'
11:48:02.898 [ForkJoinPool.commonPool-worker-1] DEBUG org.apache.commons.beanutils.converters.ArrayConverter -     No conversion required, value is already a Double[]
11:48:02.899 [ForkJoinPool.commonPool-worker-1] DEBUG org.apache.commons.beanutils.converters.ArrayConverter - Setting default value: [Ljava.lang.Float;@753089e6
11:48:02.899 [ForkJoinPool.commonPool-worker-1] DEBUG org.apache.commons.beanutils.converters.ArrayConverter - Converting 'Float[]' value '[Ljava.lang.Float;@753089e6' to type 'Float[]'
11:48:02.899 [ForkJoinPool.commonPool-worker-1] DEBUG org.apache.commons.beanutils.converters.ArrayConverter -     No conversion required, value is already a Float[]
11:48:02.899 [ForkJoinPool.commonPool-worker-1] DEBUG org.apache.commons.beanutils.converters.ArrayConverter - Setting default value: [Ljava.lang.Integer;@42cee2e5
11:48:02.900 [ForkJoinPool.commonPool-worker-1] DEBUG org.apache.commons.beanutils.converters.ArrayConverter - Converting 'Integer[]' value '[Ljava.lang.Integer;@42cee2e5' to type 'Integer[]'
11:48:02.902 [ForkJoinPool.commonPool-worker-1] DEBUG org.apache.commons.beanutils.converters.ArrayConverter -     No conversion required, value is already a Integer[]
11:48:02.903 [ForkJoinPool.commonPool-worker-1] DEBUG org.apache.commons.beanutils.converters.ArrayConverter - Setting default value: [Ljava.lang.Long;@50e4829f
11:48:02.903 [ForkJoinPool.commonPool-worker-1] DEBUG org.apache.commons.beanutils.converters.ArrayConverter - Converting 'Long[]' value '[Ljava.lang.Long;@50e4829f' to type 'Long[]'
11:48:02.904 [ForkJoinPool.commonPool-worker-1] DEBUG org.apache.commons.beanutils.converters.ArrayConverter -     No conversion required, value is already a Long[]
11:48:02.904 [ForkJoinPool.commonPool-worker-1] DEBUG org.apache.commons.beanutils.converters.ArrayConverter - Setting default value: [Ljava.lang.Short;@b7af6d4
11:48:02.904 [ForkJoinPool.commonPool-worker-1] DEBUG org.apache.commons.beanutils.converters.ArrayConverter - Converting 'Short[]' value '[Ljava.lang.Short;@b7af6d4' to type 'Short[]'
11:48:02.905 [ForkJoinPool.commonPool-worker-1] DEBUG org.apache.commons.beanutils.converters.ArrayConverter -     No conversion required, value is already a Short[]
11:48:02.905 [ForkJoinPool.commonPool-worker-1] DEBUG org.apache.commons.beanutils.converters.ArrayConverter - Setting default value: [Ljava.lang.String;@c603797
11:48:02.905 [ForkJoinPool.commonPool-worker-1] DEBUG org.apache.commons.beanutils.converters.ArrayConverter - Converting 'String[]' value '[Ljava.lang.String;@c603797' to type 'String[]'
11:48:02.905 [ForkJoinPool.commonPool-worker-1] DEBUG org.apache.commons.beanutils.converters.ArrayConverter -     No conversion required, value is already a String[]
11:48:02.905 [ForkJoinPool.commonPool-worker-1] DEBUG org.apache.commons.beanutils.converters.ArrayConverter - Setting default value: [Ljava.lang.Class;@59fe11a7
11:48:02.905 [ForkJoinPool.commonPool-worker-1] DEBUG org.apache.commons.beanutils.converters.ArrayConverter - Converting 'Class[]' value '[Ljava.lang.Class;@59fe11a7' to type 'Class[]'
11:48:02.905 [ForkJoinPool.commonPool-worker-1] DEBUG org.apache.commons.beanutils.converters.ArrayConverter -     No conversion required, value is already a Class[]
11:48:02.906 [ForkJoinPool.commonPool-worker-1] DEBUG org.apache.commons.beanutils.converters.ArrayConverter - Setting default value: [Ljava.util.Date;@4543fb4
11:48:02.906 [ForkJoinPool.commonPool-worker-1] DEBUG org.apache.commons.beanutils.converters.ArrayConverter - Converting 'Date[]' value '[Ljava.util.Date;@4543fb4' to type 'Date[]'
11:48:02.906 [ForkJoinPool.commonPool-worker-1] DEBUG org.apache.commons.beanutils.converters.ArrayConverter -     No conversion required, value is already a Date[]
11:48:02.906 [ForkJoinPool.commonPool-worker-1] DEBUG org.apache.commons.beanutils.converters.ArrayConverter - Setting default value: [Ljava.util.Calendar;@78c69455
11:48:02.906 [ForkJoinPool.commonPool-worker-1] DEBUG org.apache.commons.beanutils.converters.ArrayConverter - Converting 'Calendar[]' value '[Ljava.util.Calendar;@78c69455' to type 'Calendar[]'
11:48:02.907 [ForkJoinPool.commonPool-worker-1] DEBUG org.apache.commons.beanutils.converters.ArrayConverter -     No conversion required, value is already a Calendar[]
11:48:02.908 [ForkJoinPool.commonPool-worker-1] DEBUG org.apache.commons.beanutils.converters.ArrayConverter - Setting default value: [Ljava.io.File;@7490edcb
11:48:02.908 [ForkJoinPool.commonPool-worker-1] DEBUG org.apache.commons.beanutils.converters.ArrayConverter - Converting 'java.io.File[]' value '[Ljava.io.File;@7490edcb' to type 'java.io.File[]'
11:48:02.908 [ForkJoinPool.commonPool-worker-1] DEBUG org.apache.commons.beanutils.converters.ArrayConverter -     No conversion required, value is already a java.io.File[]
11:48:02.909 [ForkJoinPool.commonPool-worker-1] DEBUG org.apache.commons.beanutils.converters.ArrayConverter - Setting default value: [Ljava.sql.Date;@1afe8990
11:48:02.909 [ForkJoinPool.commonPool-worker-1] DEBUG org.apache.commons.beanutils.converters.ArrayConverter - Converting 'java.sql.Date[]' value '[Ljava.sql.Date;@1afe8990' to type 'java.sql.Date[]'
11:48:02.909 [ForkJoinPool.commonPool-worker-1] DEBUG org.apache.commons.beanutils.converters.ArrayConverter -     No conversion required, value is already a java.sql.Date[]
11:48:02.910 [ForkJoinPool.commonPool-worker-1] DEBUG org.apache.commons.beanutils.converters.ArrayConverter - Setting default value: [Ljava.sql.Time;@5ed68f00
11:48:02.911 [ForkJoinPool.commonPool-worker-1] DEBUG org.apache.commons.beanutils.converters.ArrayConverter - Converting 'java.sql.Time[]' value '[Ljava.sql.Time;@5ed68f00' to type 'java.sql.Time[]'
11:48:02.911 [ForkJoinPool.commonPool-worker-1] DEBUG org.apache.commons.beanutils.converters.ArrayConverter -     No conversion required, value is already a java.sql.Time[]
11:48:02.912 [ForkJoinPool.commonPool-worker-1] DEBUG org.apache.commons.beanutils.converters.ArrayConverter - Setting default value: [Ljava.sql.Timestamp;@50e564f4
11:48:02.913 [ForkJoinPool.commonPool-worker-1] DEBUG org.apache.commons.beanutils.converters.ArrayConverter - Converting 'java.sql.Timestamp[]' value '[Ljava.sql.Timestamp;@50e564f4' to type 'java.sql.Timestamp[]'
11:48:02.913 [ForkJoinPool.commonPool-worker-1] DEBUG org.apache.commons.beanutils.converters.ArrayConverter -     No conversion required, value is already a java.sql.Timestamp[]
11:48:02.913 [ForkJoinPool.commonPool-worker-1] DEBUG org.apache.commons.beanutils.converters.ArrayConverter - Setting default value: [Ljava.net.URL;@4987e723
11:48:02.913 [ForkJoinPool.commonPool-worker-1] DEBUG org.apache.commons.beanutils.converters.ArrayConverter - Converting 'java.net.URL[]' value '[Ljava.net.URL;@4987e723' to type 'java.net.URL[]'
11:48:02.914 [ForkJoinPool.commonPool-worker-1] DEBUG org.apache.commons.beanutils.converters.ArrayConverter -     No conversion required, value is already a java.net.URL[]
11:48:02.958 [ForkJoinPool.commonPool-worker-1] DEBUG org.apache.commons.configuration2.io.FileLocatorUtils - Loading configuration from the context classpath (zafira.properties)
2020-06-03 11:48:03 CarinaListener [main] [INFO] 
============= Test configuration =============
url={must_override}
env=DEMO
env_arg_resolver=com.qaprosoft.carina.core.foundation.utils.DefaultEnvArgResolver
browser=
browser_version=
browser_language=
selenium_host=http://127.0.0.1:4723/wd/hub
driver_event_listeners=
max_driver_count=3
custom_capabilities=
chrome_args=
chrome_experimental_opts=
chrome_mobile_emulation_opts=
firefox_args=
firefox_preferences=
app_version=
proxy_host=
proxy_port=
proxy_protocols=http,https,ftp
no_proxy=
browsermob_proxy=false
browsermob_host=
browsermob_port=0
browsermob_ports_range=
browsermob_disabled_mitm=false
proxy_set_to_system=false
report_url=
email_list=
failure_email_list=
track_known_issues=false
auto_screenshot=false
explicit_timeout=30
auto_download=false
auto_download_apps=
auto_download_folder=
custom_artifacts_folder=
retry_interval=5
project_report_directory=./reports/qa
max_screen_history=100
max_log_file_size=150
result_sorting=true
big_screen_width=2000
big_screen_height=2500
small_screen_width=90
small_screen_height=60
init_retry_count=0
init_retry_interval=1
retry_count=0
enable_l10n=true
l10n_encoding=ISO-8859-1
locale=en_US
enable_i18n=true
language=en_US
thread_count=1
data_provider_thread_count=1
core_log_level=INFO
core_log_packages=com.qaprosoft.carina.core
artifacts_expiration_seconds=2592000
log_all_json=true
date_format=HH:mm:ss yyyy-MM-dd
time_format=HH:mm:ss
suite_name=
jira_updater=com.qaprosoft.carina.core.foundation.jira.DefaultJiraUpdater
jira_url=
jira_user=
jira_password=
jira_suite_id=
jira_project=
jira_project_short=
jira_create_new_ticket=false
test_naming_pattern={method_name}
testrail_run_name=
testrail_milestone=
testrail_assignee=
qtest_cycle_name=DailyAutomation
qtest_suite_name=
s3_bucket_name=
access_key_id=
secret_key=
s3_use_presign_url=false
s3_local_storage=.
appcenter_token=
appcenter_local_storage=.
add_new_localization=false
add_new_localization_encoding=utf-8
add_new_localization_path=
add_new_localization_property_name=new_custom_messages_
tls_keysecure_location=
health_check_class=
health_check_methods=
uninstall_related_apps=false
default_device_timezone=GMT
default_device_time_format=24
default_device_language=en_US
android_screen_record_size=
android_screen_record_bitrate=1000000
android_enable_bug_report=true
ios_screen_record_quality=MEDIUM
ios_screen_record_codec=libx264
ios_screen_record_fps=10
screen_record_duration=180
video_scale=-2:720
ignore_ssl=false
test_run_rules=
hub_mode=selenium
selenium_host=http://127.0.0.1:4723/wd/hub

------------- Driver capabilities -----------
capabilities.deviceName=Galaxy J5 Prime
capabilities.appPackage=com.realmepay.payments
capabilities.noReset=true
capabilities.appActivity=com.realmepay.payments.ui.splash.RealmeSplashScreen
capabilities.automationName=uiautomator2
capabilities.newCommandTimeout=300
capabilities.platformName=ANDROID
capabilities.deviceType=phone
capabilities.udid=42007b03e08954c5
capabilities.autoGrantPermissions=true
================================================

11:48:03.622 [main] DEBUG org.reflections.Reflections - going to scan these urls:
file:/D:/CarinaAppiumPOC/target/classes/
file:/D:/CarinaAppiumPOC/target/test-classes/
11:48:03.686 [main] DEBUG org.reflections.Reflections - could not scan file _testdata.properties in url file:/D:/CarinaAppiumPOC/target/classes/ with scanner TypeAnnotationsScanner
11:48:03.697 [main] DEBUG org.reflections.Reflections - could not scan file _testdata.properties in url file:/D:/CarinaAppiumPOC/target/classes/ with scanner SubTypesScanner
11:48:03.698 [main] DEBUG org.reflections.Reflections - could not scan file _email.properties in url file:/D:/CarinaAppiumPOC/target/classes/ with scanner TypeAnnotationsScanner
11:48:03.700 [main] DEBUG org.reflections.Reflections - could not scan file _email.properties in url file:/D:/CarinaAppiumPOC/target/classes/ with scanner SubTypesScanner
11:48:03.701 [main] DEBUG org.reflections.Reflections - could not scan file _database.properties in url file:/D:/CarinaAppiumPOC/target/classes/ with scanner TypeAnnotationsScanner
11:48:03.702 [main] DEBUG org.reflections.Reflections - could not scan file _database.properties in url file:/D:/CarinaAppiumPOC/target/classes/ with scanner SubTypesScanner
11:48:03.703 [main] DEBUG org.reflections.Reflections - could not scan file _config.properties in url file:/D:/CarinaAppiumPOC/target/classes/ with scanner TypeAnnotationsScanner
11:48:03.704 [main] DEBUG org.reflections.Reflections - could not scan file _config.properties in url file:/D:/CarinaAppiumPOC/target/classes/ with scanner SubTypesScanner
11:48:03.705 [main] DEBUG org.reflections.Reflections - could not scan file _api.properties in url file:/D:/CarinaAppiumPOC/target/classes/ with scanner TypeAnnotationsScanner
11:48:03.706 [main] DEBUG org.reflections.Reflections - could not scan file _api.properties in url file:/D:/CarinaAppiumPOC/target/classes/ with scanner SubTypesScanner
11:48:03.707 [main] DEBUG org.reflections.Reflections - could not scan file zafira.properties in url file:/D:/CarinaAppiumPOC/target/classes/ with scanner TypeAnnotationsScanner
11:48:03.707 [main] DEBUG org.reflections.Reflections - could not scan file zafira.properties in url file:/D:/CarinaAppiumPOC/target/classes/ with scanner SubTypesScanner
11:48:03.708 [main] DEBUG org.reflections.Reflections - could not scan file crypto.key in url file:/D:/CarinaAppiumPOC/target/classes/ with scanner TypeAnnotationsScanner
11:48:03.709 [main] DEBUG org.reflections.Reflections - could not scan file crypto.key in url file:/D:/CarinaAppiumPOC/target/classes/ with scanner SubTypesScanner
11:48:03.881 [main] DEBUG org.reflections.Reflections - could not scan file application.properties in url file:/D:/CarinaAppiumPOC/target/classes/ with scanner TypeAnnotationsScanner
11:48:03.881 [main] DEBUG org.reflections.Reflections - could not scan file application.properties in url file:/D:/CarinaAppiumPOC/target/classes/ with scanner SubTypesScanner
11:48:03.897 [main] DEBUG org.reflections.Reflections - could not scan file xls/demo.xlsx in url file:/D:/CarinaAppiumPOC/target/test-classes/ with scanner TypeAnnotationsScanner
11:48:03.899 [main] DEBUG org.reflections.Reflections - could not scan file xls/demo.xlsx in url file:/D:/CarinaAppiumPOC/target/test-classes/ with scanner SubTypesScanner
11:48:03.902 [main] DEBUG org.reflections.Reflections - could not scan file testng_suites/web.xml in url file:/D:/CarinaAppiumPOC/target/test-classes/ with scanner TypeAnnotationsScanner
11:48:03.910 [main] DEBUG org.reflections.Reflections - could not scan file testng_suites/web.xml in url file:/D:/CarinaAppiumPOC/target/test-classes/ with scanner SubTypesScanner
11:48:03.913 [main] DEBUG org.reflections.Reflections - could not scan file testng_suites/test-params.xml in url file:/D:/CarinaAppiumPOC/target/test-classes/ with scanner TypeAnnotationsScanner
11:48:03.917 [main] DEBUG org.reflections.Reflections - could not scan file testng_suites/test-params.xml in url file:/D:/CarinaAppiumPOC/target/test-classes/ with scanner SubTypesScanner
11:48:03.918 [main] DEBUG org.reflections.Reflections - could not scan file testng_suites/tags.xml in url file:/D:/CarinaAppiumPOC/target/test-classes/ with scanner TypeAnnotationsScanner
11:48:03.920 [main] DEBUG org.reflections.Reflections - could not scan file testng_suites/tags.xml in url file:/D:/CarinaAppiumPOC/target/test-classes/ with scanner SubTypesScanner
11:48:03.922 [main] DEBUG org.reflections.Reflections - could not scan file testng_suites/ios.xml in url file:/D:/CarinaAppiumPOC/target/test-classes/ with scanner TypeAnnotationsScanner
11:48:03.923 [main] DEBUG org.reflections.Reflections - could not scan file testng_suites/ios.xml in url file:/D:/CarinaAppiumPOC/target/test-classes/ with scanner SubTypesScanner
11:48:03.924 [main] DEBUG org.reflections.Reflections - could not scan file testng_suites/api.xml in url file:/D:/CarinaAppiumPOC/target/test-classes/ with scanner TypeAnnotationsScanner
11:48:03.925 [main] DEBUG org.reflections.Reflections - could not scan file testng_suites/api.xml in url file:/D:/CarinaAppiumPOC/target/test-classes/ with scanner SubTypesScanner
11:48:03.926 [main] DEBUG org.reflections.Reflections - could not scan file testng_suites/android.xml in url file:/D:/CarinaAppiumPOC/target/test-classes/ with scanner TypeAnnotationsScanner
11:48:03.927 [main] DEBUG org.reflections.Reflections - could not scan file testng_suites/android.xml in url file:/D:/CarinaAppiumPOC/target/test-classes/ with scanner SubTypesScanner
11:48:03.934 [main] DEBUG org.reflections.Reflections - could not scan file api/users/_post/rs.json in url file:/D:/CarinaAppiumPOC/target/test-classes/ with scanner TypeAnnotationsScanner
11:48:03.935 [main] DEBUG org.reflections.Reflections - could not scan file api/users/_post/rs.json in url file:/D:/CarinaAppiumPOC/target/test-classes/ with scanner SubTypesScanner
11:48:03.937 [main] DEBUG org.reflections.Reflections - could not scan file api/users/_post/rq.json in url file:/D:/CarinaAppiumPOC/target/test-classes/ with scanner TypeAnnotationsScanner
11:48:03.937 [main] DEBUG org.reflections.Reflections - could not scan file api/users/_post/rq.json in url file:/D:/CarinaAppiumPOC/target/test-classes/ with scanner SubTypesScanner
11:48:03.939 [main] DEBUG org.reflections.Reflections - could not scan file api/users/_get/rs.schema in url file:/D:/CarinaAppiumPOC/target/test-classes/ with scanner TypeAnnotationsScanner
11:48:03.939 [main] DEBUG org.reflections.Reflections - could not scan file api/users/_get/rs.schema in url file:/D:/CarinaAppiumPOC/target/test-classes/ with scanner SubTypesScanner
11:48:03.941 [main] DEBUG org.reflections.Reflections - could not scan file api/users/_get/rs.json in url file:/D:/CarinaAppiumPOC/target/test-classes/ with scanner TypeAnnotationsScanner
11:48:03.942 [main] DEBUG org.reflections.Reflections - could not scan file api/users/_get/rs.json in url file:/D:/CarinaAppiumPOC/target/test-classes/ with scanner SubTypesScanner
11:48:03.943 [main] DEBUG org.reflections.Reflections - could not scan file api/users/_delete/rs.json in url file:/D:/CarinaAppiumPOC/target/test-classes/ with scanner TypeAnnotationsScanner
11:48:03.944 [main] DEBUG org.reflections.Reflections - could not scan file api/users/_delete/rs.json in url file:/D:/CarinaAppiumPOC/target/test-classes/ with scanner SubTypesScanner
11:48:03.946 [main] DEBUG org.reflections.Reflections - could not scan file api/users/_delete/rq.json in url file:/D:/CarinaAppiumPOC/target/test-classes/ with scanner TypeAnnotationsScanner
11:48:03.947 [main] DEBUG org.reflections.Reflections - could not scan file api/users/_delete/rq.json in url file:/D:/CarinaAppiumPOC/target/test-classes/ with scanner SubTypesScanner
11:48:03.948 [main] DEBUG org.reflections.Reflections - could not scan file api/users/user.properties in url file:/D:/CarinaAppiumPOC/target/test-classes/ with scanner TypeAnnotationsScanner
11:48:03.949 [main] DEBUG org.reflections.Reflections - could not scan file api/users/user.properties in url file:/D:/CarinaAppiumPOC/target/test-classes/ with scanner SubTypesScanner
11:48:03.955 [main] INFO org.reflections.Reflections - Reflections took 326 ms to scan 2 urls, producing 9 keys and 22 values 
2020-06-03 11:48:04 CarinaListener [main-1] [INFO] CARINA_CORE_VERSION: 6.4.35
2020-06-03 11:48:08 Messager [TestNG-PoolService-0-1] [INFO]  TEST [Carina Appium POC - personalLoanEarlySalary1ToastMessage] STARTED at [11:48:08 2020-06-03]
11:48:35.668 [TestNG-PoolService-0] DEBUG org.apache.commons.configuration2.io.FileLocatorUtils - Loading configuration from the context classpath (alice.properties)
2020-06-03 11:48:41 DriverListener [TestNG-PoolService-0-18] [INFO] [SM-G615F] PASS: element 'personalLoanBtn' is clicked.
2020-06-03 11:48:50 DriverListener [TestNG-PoolService-0-18] [INFO] [SM-G615F] PASS: element 'salariedTab' is clicked.
2020-06-03 11:48:52 DriverListener [TestNG-PoolService-0-18] [INFO] [SM-G615F] PASS: keys cleared in element 'loanAmountEntryField'.
2020-06-03 11:48:53 DriverListener [TestNG-PoolService-0-18] [INFO] [SM-G615F] PASS: keys '75000' are sent to element 'loanAmountEntryField'.
2020-06-03 11:48:54 DriverListener [TestNG-PoolService-0-18] [INFO] [SM-G615F] PASS: keys cleared in element 'tenureMonthsEntryField'.
2020-06-03 11:48:55 DriverListener [TestNG-PoolService-0-18] [INFO] [SM-G615F] PASS: keys '12' are sent to element 'tenureMonthsEntryField'.
2020-06-03 11:48:56 DriverListener [TestNG-PoolService-0-18] [INFO] [SM-G615F] PASS: keys cleared in element 'monthlyIncomeEntryField'.
2020-06-03 11:48:58 DriverListener [TestNG-PoolService-0-18] [INFO] [SM-G615F] PASS: keys '35000' are sent to element 'monthlyIncomeEntryField'.
2020-06-03 11:48:58 DriverHelper [TestNG-PoolService-0-18] [INFO] [SM-G615F] 11:48:58.244   Calender Start Time
2020-06-03 11:48:59 DriverListener [TestNG-PoolService-0-18] [INFO] [SM-G615F] PASS: element 'birthDateEntryField' is clicked.
2020-06-03 11:49:01 DriverListener [TestNG-PoolService-0-18] [INFO] [SM-G615F] PASS: element 'selectYear' is clicked.
2020-06-03 11:49:23 DriverListener [TestNG-PoolService-0-18] [INFO] [SM-G615F] PASS: element 'calenderOkBtn' is clicked.
2020-06-03 11:49:23 DriverHelper [TestNG-PoolService-0-18] [INFO] [SM-G615F] 11:49:23.536   Calender End Time
2020-06-03 11:49:30 DriverListener [TestNG-PoolService-0-18] [INFO] [SM-G615F] PASS: keys cleared in element 'pinCodeEntryField'.
2020-06-03 11:49:31 DriverListener [TestNG-PoolService-0-18] [INFO] [SM-G615F] PASS: keys '40000' are sent to element 'pinCodeEntryField'.
2020-06-03 11:49:32 DriverListener [TestNG-PoolService-0-18] [INFO] [SM-G615F] PASS: element 'noRadioBtn' is clicked.
2020-06-03 11:49:33 DriverListener [TestNG-PoolService-0-18] [INFO] [SM-G615F] PASS: element 'checkBox' is clicked.
2020-06-03 11:49:34 DriverListener [TestNG-PoolService-0-18] [INFO] [SM-G615F] PASS: element 'nextBtn' is clicked.
Please enter valid pincode
]]></system-out>
    <system-err><![CDATA[Jun 03, 2020 11:48:29 AM org.openqa.selenium.remote.ProtocolHandshake createSession
INFO: Detected dialect: W3C
]]></system-err>
  </testcase>
  <testcase name="personalLoanEarlySalary2PositiveFlow" classname="com.demo.tests.PersonalLoanFlow" time="218.892"/>
</testsuite>