<?xml version="1.0" encoding="UTF-8"?>
<testng-results skipped="0" failed="1" ignored="0" total="2" passed="1">
  <reporter-output>
    <line>
      <![CDATA[Personal Loan - Early Salary Test Started...]]>
    </line>
    <line>
      <![CDATA[Home Screen Started...]]>
    </line>
    <line>
      <![CDATA[Assert - Borrow Verified]]>
    </line>
    <line>
      <![CDATA[Home Screen Finished...]]>
    </line>
    <line>
      <![CDATA[Personal Loan Screen Started...]]>
    </line>
    <line>
      <![CDATA[Assert - Personal Loan Verified]]>
    </line>
    <line>
      <![CDATA[Personal Loan Assertion Passed]]>
    </line>
    <line>
      <![CDATA[SM-G615F - 42007b03e08954c5 TEST [Carina Appium POC - personalLoanEarlySalary1ToastMessage] FAILED at [11:49:40 2020-06-03] - expected [Please enter valid number] but found [Please enter valid pincode]

org.testng.Assert.fail(Assert.java:97)
org.testng.Assert.assertEqualsImpl(Assert.java:136)
org.testng.Assert.assertEquals(Assert.java:118)
org.testng.Assert.assertEquals(Assert.java:575)
org.testng.Assert.assertEquals(Assert.java:585)
com.demo.tests.PersonalLoanFlow.personalLoanEarlySalary1ToastMessage(PersonalLoanFlow.java:47)
sun.reflect.NativeMethodAccessorImpl.invoke0(Native Method)
sun.reflect.NativeMethodAccessorImpl.invoke(NativeMethodAccessorImpl.java:62)
sun.reflect.DelegatingMethodAccessorImpl.invoke(DelegatingMethodAccessorImpl.java:43)
java.lang.reflect.Method.invoke(Method.java:498)
org.testng.internal.MethodInvocationHelper.invokeMethod(MethodInvocationHelper.java:133)
org.testng.internal.TestInvoker.invokeMethod(TestInvoker.java:584)
org.testng.internal.TestInvoker.invokeTestMethod(TestInvoker.java:172)
org.testng.internal.TestMethodWithDataProviderMethodWorker.call(TestMethodWithDataProviderMethodWorker.java:77)
org.testng.internal.TestMethodWithDataProviderMethodWorker.call(TestMethodWithDataProviderMethodWorker.java:15)
java.util.concurrent.FutureTask.run(FutureTask.java:266)
java.util.concurrent.Executors$RunnableAdapter.call(Executors.java:511)
java.util.concurrent.FutureTask.run(FutureTask.java:266)
java.util.concurrent.ThreadPoolExecutor.runWorker(ThreadPoolExecutor.java:1149)
java.util.concurrent.ThreadPoolExecutor$Worker.run(ThreadPoolExecutor.java:624)
java.lang.Thread.run(Thread.java:748)]]>
    </line>
    <line>
      <![CDATA[Personal Loan - Early Salary Test Started...]]>
    </line>
    <line>
      <![CDATA[Home Screen Started...]]>
    </line>
    <line>
      <![CDATA[Assert - Borrow Verified]]>
    </line>
    <line>
      <![CDATA[Home Screen Finished...]]>
    </line>
    <line>
      <![CDATA[Personal Loan Screen Started...]]>
    </line>
    <line>
      <![CDATA[Assert - Personal Loan Verified]]>
    </line>
    <line>
      <![CDATA[Personal Loan Assertion Passed]]>
    </line>
    <line>
      <![CDATA[Personal Loan Screen Finished...]]>
    </line>
    <line>
      <![CDATA[Link Social Profile Screen Started...]]>
    </line>
    <line>
      <![CDATA[Assert - Know What We Share Verified]]>
    </line>
    <line>
      <![CDATA[Link Social Profile Screen Finished...]]>
    </line>
    <line>
      <![CDATA[Know What We Share Assertion Passed]]>
    </line>
    <line>
      <![CDATA[Loan Application Form 1 Screen Started...]]>
    </line>
    <line>
      <![CDATA[Assert - Share your details - easy&simple Verified]]>
    </line>
    <line>
      <![CDATA[Loan Application Form 1 Screen Finished...]]>
    </line>
    <line>
      <![CDATA[Loan Application Form 2 Screen Started...]]>
    </line>
    <line>
      <![CDATA[Loan Application Form 2 Screen Finished...]]>
    </line>
    <line>
      <![CDATA[Loan Application Form 3 Screen Started...]]>
    </line>
    <line>
      <![CDATA[Loan Application Form 3 Screen Finished...]]>
    </line>
    <line>
      <![CDATA[Assert - CongratulationsFirst! Verified]]>
    </line>
    <line>
      <![CDATA[Personal Loan - Early Salary Test Finished...]]>
    </line>
  </reporter-output>
  <suite name="Carina Appium Demo Tests - Personal Loan Flow" duration-ms="319750" started-at="2020-06-03T11:48:04 IST" finished-at="2020-06-03T11:53:23 IST">
    <groups>
    </groups>
    <test name="Carina Appium POC" duration-ms="319750" started-at="2020-06-03T11:48:04 IST" finished-at="2020-06-03T11:53:23 IST">
      <class name="com.demo.tests.PersonalLoanFlow">
        <test-method status="FAIL" signature="personalLoanEarlySalary1ToastMessage(java.lang.String, java.lang.String, java.lang.String, java.lang.String, java.lang.String, java.lang.String, java.lang.String)[pri:1, instance:com.demo.tests.PersonalLoanFlow@5a39e554]" name="personalLoanEarlySalary1ToastMessage" duration-ms="87249" started-at="2020-06-03T11:48:07 IST" description="Capture Toast Message" data-provider="DataProvider" finished-at="2020-06-03T11:49:35 IST">
          <params>
            <param index="0">
              <value>
                <![CDATA[75000]]>
              </value>
            </param>
            <param index="1">
              <value>
                <![CDATA[12]]>
              </value>
            </param>
            <param index="2">
              <value>
                <![CDATA[35000]]>
              </value>
            </param>
            <param index="3">
              <value>
                <![CDATA[31-12-1990]]>
              </value>
            </param>
            <param index="4">
              <value>
                <![CDATA[40000]]>
              </value>
            </param>
            <param index="5">
              <value>
                <![CDATA[No]]>
              </value>
            </param>
            <param index="6">
              <value>
                <![CDATA[Please enter valid number]]>
              </value>
            </param>
          </params>
          <exception class="java.lang.AssertionError">
            <message>
              <![CDATA[expected [Please enter valid number] but found [Please enter valid pincode]]]>
            </message>
            <full-stacktrace>
              <![CDATA[java.lang.AssertionError: expected [Please enter valid number] but found [Please enter valid pincode]
at org.testng.Assert.fail(Assert.java:97)
at org.testng.Assert.assertEqualsImpl(Assert.java:136)
at org.testng.Assert.assertEquals(Assert.java:118)
at org.testng.Assert.assertEquals(Assert.java:575)
at org.testng.Assert.assertEquals(Assert.java:585)
at com.demo.tests.PersonalLoanFlow.personalLoanEarlySalary1ToastMessage(PersonalLoanFlow.java:47)
at sun.reflect.NativeMethodAccessorImpl.invoke0(Native Method)
at sun.reflect.NativeMethodAccessorImpl.invoke(NativeMethodAccessorImpl.java:62)
at sun.reflect.DelegatingMethodAccessorImpl.invoke(DelegatingMethodAccessorImpl.java:43)
at java.lang.reflect.Method.invoke(Method.java:498)
at org.testng.internal.MethodInvocationHelper.invokeMethod(MethodInvocationHelper.java:133)
at org.testng.internal.TestInvoker.invokeMethod(TestInvoker.java:584)
at org.testng.internal.TestInvoker.invokeTestMethod(TestInvoker.java:172)
at org.testng.internal.TestMethodWithDataProviderMethodWorker.call(TestMethodWithDataProviderMethodWorker.java:77)
at org.testng.internal.TestMethodWithDataProviderMethodWorker.call(TestMethodWithDataProviderMethodWorker.java:15)
at java.util.concurrent.FutureTask.run(FutureTask.java:266)
at java.util.concurrent.Executors$RunnableAdapter.call(Executors.java:511)
at java.util.concurrent.FutureTask.run(FutureTask.java:266)
at java.util.concurrent.ThreadPoolExecutor.runWorker(ThreadPoolExecutor.java:1149)
at java.util.concurrent.ThreadPoolExecutor$Worker.run(ThreadPoolExecutor.java:624)
at java.lang.Thread.run(Thread.java:748)
]]>
            </full-stacktrace>
          </exception> <!-- java.lang.AssertionError -->
          <reporter-output>
            <line>
              <![CDATA[Personal Loan - Early Salary Test Started...]]>
            </line>
            <line>
              <![CDATA[Home Screen Started...]]>
            </line>
            <line>
              <![CDATA[Assert - Borrow Verified]]>
            </line>
            <line>
              <![CDATA[Home Screen Finished...]]>
            </line>
            <line>
              <![CDATA[Personal Loan Screen Started...]]>
            </line>
            <line>
              <![CDATA[Assert - Personal Loan Verified]]>
            </line>
            <line>
              <![CDATA[Personal Loan Assertion Passed]]>
            </line>
            <line>
              <![CDATA[SM-G615F - 42007b03e08954c5 TEST [Carina Appium POC - personalLoanEarlySalary1ToastMessage] FAILED at [11:49:40 2020-06-03] - expected [Please enter valid number] but found [Please enter valid pincode]

org.testng.Assert.fail(Assert.java:97)
org.testng.Assert.assertEqualsImpl(Assert.java:136)
org.testng.Assert.assertEquals(Assert.java:118)
org.testng.Assert.assertEquals(Assert.java:575)
org.testng.Assert.assertEquals(Assert.java:585)
com.demo.tests.PersonalLoanFlow.personalLoanEarlySalary1ToastMessage(PersonalLoanFlow.java:47)
sun.reflect.NativeMethodAccessorImpl.invoke0(Native Method)
sun.reflect.NativeMethodAccessorImpl.invoke(NativeMethodAccessorImpl.java:62)
sun.reflect.DelegatingMethodAccessorImpl.invoke(DelegatingMethodAccessorImpl.java:43)
java.lang.reflect.Method.invoke(Method.java:498)
org.testng.internal.MethodInvocationHelper.invokeMethod(MethodInvocationHelper.java:133)
org.testng.internal.TestInvoker.invokeMethod(TestInvoker.java:584)
org.testng.internal.TestInvoker.invokeTestMethod(TestInvoker.java:172)
org.testng.internal.TestMethodWithDataProviderMethodWorker.call(TestMethodWithDataProviderMethodWorker.java:77)
org.testng.internal.TestMethodWithDataProviderMethodWorker.call(TestMethodWithDataProviderMethodWorker.java:15)
java.util.concurrent.FutureTask.run(FutureTask.java:266)
java.util.concurrent.Executors$RunnableAdapter.call(Executors.java:511)
java.util.concurrent.FutureTask.run(FutureTask.java:266)
java.util.concurrent.ThreadPoolExecutor.runWorker(ThreadPoolExecutor.java:1149)
java.util.concurrent.ThreadPoolExecutor$Worker.run(ThreadPoolExecutor.java:624)
java.lang.Thread.run(Thread.java:748)]]>
            </line>
          </reporter-output>
        </test-method> <!-- personalLoanEarlySalary1ToastMessage -->
        <test-method status="PASS" signature="personalLoanEarlySalary2PositiveFlow(java.lang.String, java.lang.String, java.lang.String, java.lang.String, java.lang.String, java.lang.String, java.lang.String, java.lang.String, java.lang.String, java.lang.String, java.lang.String, java.lang.String, java.lang.String, java.lang.String, java.lang.String, java.lang.String, java.lang.String, java.lang.String, java.lang.String, java.lang.String, java.lang.String, java.lang.String, java.lang.String, java.lang.String, java.lang.String, java.lang.String, java.lang.String)[pri:2, instance:com.demo.tests.PersonalLoanFlow@5a39e554]" name="personalLoanEarlySalary2PositiveFlow" duration-ms="218954" started-at="2020-06-03T11:49:42 IST" description="Personal Loan - Early Salary Positive Flow" data-provider="DataProvider" finished-at="2020-06-03T11:53:21 IST">
          <params>
            <param index="0">
              <value>
                <![CDATA[60000]]>
              </value>
            </param>
            <param index="1">
              <value>
                <![CDATA[3]]>
              </value>
            </param>
            <param index="2">
              <value>
                <![CDATA[60000]]>
              </value>
            </param>
            <param index="3">
              <value>
                <![CDATA[31-12-1990]]>
              </value>
            </param>
            <param index="4">
              <value>
                <![CDATA[400001]]>
              </value>
            </param>
            <param index="5">
              <value>
                <![CDATA[No]]>
              </value>
            </param>
            <param index="6">
              <value>
                <![CDATA[Father]]>
              </value>
            </param>
            <param index="7">
              <value>
                <![CDATA[Mother]]>
              </value>
            </param>
            <param index="8">
              <value>
                <![CDATA[Male]]>
              </value>
            </param>
            <param index="9">
              <value>
                <![CDATA[Single]]>
              </value>
            </param>
            <param index="10">
              <value>
                <![CDATA[Graduate Degree]]>
              </value>
            </param>
            <param index="11">
              <value>
                <![CDATA[Testing Institute]]>
              </value>
            </param>
            <param index="12">
              <value>
                <![CDATA[Company]]>
              </value>
            </param>
            <param index="13">
              <value>
                <![CDATA[Software Engineer]]>
              </value>
            </param>
            <param index="14">
              <value>
                <![CDATA[Area]]>
              </value>
            </param>
            <param index="15">
              <value>
                <![CDATA[Mumbai]]>
              </value>
            </param>
            <param index="16">
              <value>
                <![CDATA[400003]]>
              </value>
            </param>
            <param index="17">
              <value>
                <![CDATA[3]]>
              </value>
            </param>
            <param index="18">
              <value>
                <![CDATA[10]]>
              </value>
            </param>
            <param index="19">
              <value>
                <![CDATA[AAAPL1001A]]>
              </value>
            </param>
            <param index="20">
              <value>
                <![CDATA[Building]]>
              </value>
            </param>
            <param index="21">
              <value>
                <![CDATA[Street]]>
              </value>
            </param>
            <param index="22">
              <value>
                <![CDATA[Landmark]]>
              </value>
            </param>
            <param index="23">
              <value>
                <![CDATA[Navi Mumbai]]>
              </value>
            </param>
            <param index="24">
              <value>
                <![CDATA[Maharashtra]]>
              </value>
            </param>
            <param index="25">
              <value>
                <![CDATA[400002]]>
              </value>
            </param>
            <param index="26">
              <value>
                <![CDATA[Rented]]>
              </value>
            </param>
          </params>
          <reporter-output>
            <line>
              <![CDATA[Personal Loan - Early Salary Test Started...]]>
            </line>
            <line>
              <![CDATA[Home Screen Started...]]>
            </line>
            <line>
              <![CDATA[Assert - Borrow Verified]]>
            </line>
            <line>
              <![CDATA[Home Screen Finished...]]>
            </line>
            <line>
              <![CDATA[Personal Loan Screen Started...]]>
            </line>
            <line>
              <![CDATA[Assert - Personal Loan Verified]]>
            </line>
            <line>
              <![CDATA[Personal Loan Assertion Passed]]>
            </line>
            <line>
              <![CDATA[Personal Loan Screen Finished...]]>
            </line>
            <line>
              <![CDATA[Link Social Profile Screen Started...]]>
            </line>
            <line>
              <![CDATA[Assert - Know What We Share Verified]]>
            </line>
            <line>
              <![CDATA[Link Social Profile Screen Finished...]]>
            </line>
            <line>
              <![CDATA[Know What We Share Assertion Passed]]>
            </line>
            <line>
              <![CDATA[Loan Application Form 1 Screen Started...]]>
            </line>
            <line>
              <![CDATA[Assert - Share your details - easy&simple Verified]]>
            </line>
            <line>
              <![CDATA[Loan Application Form 1 Screen Finished...]]>
            </line>
            <line>
              <![CDATA[Loan Application Form 2 Screen Started...]]>
            </line>
            <line>
              <![CDATA[Loan Application Form 2 Screen Finished...]]>
            </line>
            <line>
              <![CDATA[Loan Application Form 3 Screen Started...]]>
            </line>
            <line>
              <![CDATA[Loan Application Form 3 Screen Finished...]]>
            </line>
            <line>
              <![CDATA[Assert - CongratulationsFirst! Verified]]>
            </line>
            <line>
              <![CDATA[Personal Loan - Early Salary Test Finished...]]>
            </line>
          </reporter-output>
        </test-method> <!-- personalLoanEarlySalary2PositiveFlow -->
      </class> <!-- com.demo.tests.PersonalLoanFlow -->
    </test> <!-- Carina Appium POC -->
  </suite> <!-- Carina Appium Demo Tests - Personal Loan Flow -->
</testng-results>
